{
  "RSpec": {
    "coverage": {
      "/Users/christopher1/a-projects/idea_box/app/helpers/application_helper.rb": [
        1,
        null
      ],
      "/Users/christopher1/a-projects/idea_box/app/helpers/ideas_helper.rb": [
        1,
        null
      ],
      "/Users/christopher1/a-projects/idea_box/app/models/idea.rb": [
        1,
        null,
        null
      ],
      "/Users/christopher1/a-projects/idea_box/app/models/application_record.rb": [
        1,
        1,
        null
      ],
      "/Users/christopher1/a-projects/idea_box/app/controllers/ideas_controller.rb": [
        1,
        1,
        1,
        null,
        null
      ],
      "/Users/christopher1/a-projects/idea_box/app/controllers/application_controller.rb": [
        1,
        1,
        null
      ],
      "/Users/christopher1/a-projects/idea_box/app/channels/application_cable/channel.rb": [
        0,
        0,
        0,
        0
      ],
      "/Users/christopher1/a-projects/idea_box/app/channels/application_cable/connection.rb": [
        0,
        0,
        0,
        0
      ],
      "/Users/christopher1/a-projects/idea_box/app/jobs/application_job.rb": [
        0,
        0
      ],
      "/Users/christopher1/a-projects/idea_box/app/mailers/application_mailer.rb": [
        0,
        0,
        0,
        0
      ]
    },
    "timestamp": 1471311789
  }
}
